C:\USERS\SEKOUZED\DOCUMENTS\VISUAL STUDIO 2010\PROJECTS\AUTORISATIONADMINISTRATIVE\AUTORISATIONADMINISTRATIVE\DEBUG\.NETFRAMEWORK,VERSION=V4.0.ASSEMBLYATTRIBUTES.OBJ
C:\USERS\SEKOUZED\DOCUMENTS\VISUAL STUDIO 2010\PROJECTS\AUTORISATIONADMINISTRATIVE\AUTORISATIONADMINISTRATIVE\DEBUG\APP.RES
C:\USERS\SEKOUZED\DOCUMENTS\VISUAL STUDIO 2010\PROJECTS\AUTORISATIONADMINISTRATIVE\AUTORISATIONADMINISTRATIVE\DEBUG\ASSEMBLYINFO.OBJ
C:\USERS\SEKOUZED\DOCUMENTS\VISUAL STUDIO 2010\PROJECTS\AUTORISATIONADMINISTRATIVE\AUTORISATIONADMINISTRATIVE\DEBUG\AUTORISATIONADMINISTRATIVE.EXE.INTERMEDIATE.MANIFEST
C:\USERS\SEKOUZED\DOCUMENTS\VISUAL STUDIO 2010\PROJECTS\AUTORISATIONADMINISTRATIVE\AUTORISATIONADMINISTRATIVE\DEBUG\AUTORISATIONADMINISTRATIVE.FORM1.RESOURCES
C:\USERS\SEKOUZED\DOCUMENTS\VISUAL STUDIO 2010\PROJECTS\AUTORISATIONADMINISTRATIVE\AUTORISATIONADMINISTRATIVE\DEBUG\AUTORISATIONADMINISTRATIVE.FORMDEMANDE.RESOURCES
C:\USERS\SEKOUZED\DOCUMENTS\VISUAL STUDIO 2010\PROJECTS\AUTORISATIONADMINISTRATIVE\AUTORISATIONADMINISTRATIVE\DEBUG\AUTORISATIONADMINISTRATIVE.FORMMISEAJOURS.RESOURCES
C:\USERS\SEKOUZED\DOCUMENTS\VISUAL STUDIO 2010\PROJECTS\AUTORISATIONADMINISTRATIVE\AUTORISATIONADMINISTRATIVE\DEBUG\AUTORISATIONADMINISTRATIVE.FORMVOIRAUTORISATION.RESOURCES
C:\USERS\SEKOUZED\DOCUMENTS\VISUAL STUDIO 2010\PROJECTS\AUTORISATIONADMINISTRATIVE\AUTORISATIONADMINISTRATIVE\DEBUG\AUTORISATIONADMINISTRATIVE.OBJ
C:\USERS\SEKOUZED\DOCUMENTS\VISUAL STUDIO 2010\PROJECTS\AUTORISATIONADMINISTRATIVE\AUTORISATIONADMINISTRATIVE\DEBUG\AUTORISATIONADMINISTRATIVE.PCH
C:\Users\sekouzed\Documents\Visual Studio 2010\Projects\AutorisationAdministrative\AutorisationAdministrative\Debug\AutorisationAdministrative.write.1.tlog
C:\Users\sekouzed\Documents\Visual Studio 2010\Projects\AutorisationAdministrative\AutorisationAdministrative\Debug\cl.command.1.tlog
C:\Users\sekouzed\Documents\Visual Studio 2010\Projects\AutorisationAdministrative\AutorisationAdministrative\Debug\CL.read.1.tlog
C:\Users\sekouzed\Documents\Visual Studio 2010\Projects\AutorisationAdministrative\AutorisationAdministrative\Debug\CL.write.1.tlog
C:\USERS\SEKOUZED\DOCUMENTS\VISUAL STUDIO 2010\PROJECTS\AUTORISATIONADMINISTRATIVE\AUTORISATIONADMINISTRATIVE\DEBUG\DONNEES.OBJ
C:\USERS\SEKOUZED\DOCUMENTS\VISUAL STUDIO 2010\PROJECTS\AUTORISATIONADMINISTRATIVE\AUTORISATIONADMINISTRATIVE\DEBUG\FORMDEMANDE.OBJ
C:\USERS\SEKOUZED\DOCUMENTS\VISUAL STUDIO 2010\PROJECTS\AUTORISATIONADMINISTRATIVE\AUTORISATIONADMINISTRATIVE\DEBUG\FORMMISEAJOURS.OBJ
C:\USERS\SEKOUZED\DOCUMENTS\VISUAL STUDIO 2010\PROJECTS\AUTORISATIONADMINISTRATIVE\AUTORISATIONADMINISTRATIVE\DEBUG\FORMVOIRAUTORISATION.OBJ
C:\Users\sekouzed\Documents\Visual Studio 2010\Projects\AutorisationAdministrative\AutorisationAdministrative\Debug\GenerateResource.read.1.tlog
C:\Users\sekouzed\Documents\Visual Studio 2010\Projects\AutorisationAdministrative\AutorisationAdministrative\Debug\GenerateResource.write.1.tlog
C:\Users\sekouzed\Documents\Visual Studio 2010\Projects\AutorisationAdministrative\AutorisationAdministrative\Debug\link.264.read.1.tlog
C:\Users\sekouzed\Documents\Visual Studio 2010\Projects\AutorisationAdministrative\AutorisationAdministrative\Debug\link.264.write.1.tlog
C:\Users\sekouzed\Documents\Visual Studio 2010\Projects\AutorisationAdministrative\AutorisationAdministrative\Debug\link.264-cvtres.read.1.tlog
C:\Users\sekouzed\Documents\Visual Studio 2010\Projects\AutorisationAdministrative\AutorisationAdministrative\Debug\link.264-cvtres.write.1.tlog
C:\Users\sekouzed\Documents\Visual Studio 2010\Projects\AutorisationAdministrative\AutorisationAdministrative\Debug\link.command.1.tlog
C:\Users\sekouzed\Documents\Visual Studio 2010\Projects\AutorisationAdministrative\AutorisationAdministrative\Debug\link.read.1.tlog
C:\Users\sekouzed\Documents\Visual Studio 2010\Projects\AutorisationAdministrative\AutorisationAdministrative\Debug\link.write.1.tlog
C:\Users\sekouzed\Documents\Visual Studio 2010\Projects\AutorisationAdministrative\AutorisationAdministrative\Debug\mt.command.1.tlog
C:\Users\sekouzed\Documents\Visual Studio 2010\Projects\AutorisationAdministrative\AutorisationAdministrative\Debug\mt.read.1.tlog
C:\Users\sekouzed\Documents\Visual Studio 2010\Projects\AutorisationAdministrative\AutorisationAdministrative\Debug\mt.write.1.tlog
C:\Users\sekouzed\Documents\Visual Studio 2010\Projects\AutorisationAdministrative\AutorisationAdministrative\Debug\rc.command.1.tlog
C:\Users\sekouzed\Documents\Visual Studio 2010\Projects\AutorisationAdministrative\AutorisationAdministrative\Debug\rc.read.1.tlog
C:\Users\sekouzed\Documents\Visual Studio 2010\Projects\AutorisationAdministrative\AutorisationAdministrative\Debug\rc.write.1.tlog
C:\USERS\SEKOUZED\DOCUMENTS\VISUAL STUDIO 2010\PROJECTS\AUTORISATIONADMINISTRATIVE\AUTORISATIONADMINISTRATIVE\DEBUG\STDAFX.OBJ
C:\USERS\SEKOUZED\DOCUMENTS\VISUAL STUDIO 2010\PROJECTS\AUTORISATIONADMINISTRATIVE\AUTORISATIONADMINISTRATIVE\DEBUG\VC100.PDB
C:\USERS\SEKOUZED\DOCUMENTS\VISUAL STUDIO 2010\PROJECTS\AUTORISATIONADMINISTRATIVE\DEBUG\AUTORISATIONADMINISTRATIVE.EXE
C:\USERS\SEKOUZED\DOCUMENTS\VISUAL STUDIO 2010\PROJECTS\AUTORISATIONADMINISTRATIVE\DEBUG\AUTORISATIONADMINISTRATIVE.ILK
C:\USERS\SEKOUZED\DOCUMENTS\VISUAL STUDIO 2010\PROJECTS\AUTORISATIONADMINISTRATIVE\DEBUG\AUTORISATIONADMINISTRATIVE.PDB
